<?xml version="1.0" encoding="UTF-8"?>
<!-- Generated by org.testng.reporters.JUnitReportReporter -->
<testsuite skipped="0" hostname="Shahin-PC" name="seleniumgrid.GridTestOnChrome" tests="1" failures="0" timestamp="08 Feb 2020 06:17:13 GMT" time="9.773" errors="0">
  <testcase name="test" time="9.773" classname="seleniumgrid.GridTestOnChrome"/>
</testsuite> <!-- seleniumgrid.GridTestOnChrome -->
